<?xml version="1.0" encoding="UTF-8"?>
<!-- Generated by org.testng.reporters.JUnitReportReporter -->
<testsuite skipped="0" hostname="Gagan" name="com.qa.testcases.Test_01_Login" tests="6" failures="0" timestamp="20 Dec 2020 10:51:58 GMT" time="5.452" errors="0">
  <testcase name="user_gets_the_title_of_the_page" time="0.010" classname="com.qa.testcases.Test_01_Login"/>
  <testcase name="page_title_should_be" time="0.003" classname="com.qa.testcases.Test_01_Login"/>
  <testcase name="forgot_your_password_link_should_be_displayed" time="0.179" classname="com.qa.testcases.Test_01_Login"/>
  <testcase name="user_enters_username" time="0.084" classname="com.qa.testcases.Test_01_Login"/>
  <testcase name="user_enters_password" time="0.067" classname="com.qa.testcases.Test_01_Login"/>
  <testcase name="user_clicks_on_login_button" time="5.109" classname="com.qa.testcases.Test_01_Login"/>
</testsuite> <!-- com.qa.testcases.Test_01_Login -->
